<?xml version="1.0" encoding="UTF-8"?>
<testsuites>
  <testsuite id="0" name="/Users/cleriston/Personal/postfix-notation/test/postfix-notation.test.ts" errors="0" package="/Users/cleriston/Personal/postfix-notation/test/postfix-notation.test.ts" hostname="localhost" tests="1" failures="0" time="0.911" timestamp="2017-09-14T14:18:24">
    <properties>
    </properties>
    <testcase classname="calc notation" name="calc notation" time="0">
    </testcase>
    <system-out/>
    <system-err/>
  </testsuite>
</testsuites>