<?xml version="1.0" encoding="UTF-8"?>
<testsuites>
  <testsuite id="0" name="/Users/cleriston/Personal/postfix-notation/test/postfix-notation.test.ts" errors="0" package="/Users/cleriston/Personal/postfix-notation/test/postfix-notation.test.ts" hostname="localhost" tests="8" failures="0" time="4.054" timestamp="2017-09-15T03:17:30">
    <properties>
    </properties>
    <testcase classname="default" name="default" time="0">
    </testcase>
    <testcase classname="file best_case.csv" name="file best_case.csv" time="0">
    </testcase>
    <testcase classname="file worst_case.csv" name="file worst_case.csv" time="0">
    </testcase>
    <testcase classname="file invalid_references.csv" name="file invalid_references.csv" time="0">
    </testcase>
    <testcase classname="file empty.csv" name="file empty.csv" time="0">
    </testcase>
    <testcase classname="file only_columns.csv" name="file only_columns.csv" time="0">
    </testcase>
    <testcase classname="file only_rows.csv" name="file only_rows.csv" time="0">
    </testcase>
    <testcase classname="file big_file.csv" name="file big_file.csv" time="0">
    </testcase>
    <system-out/>
    <system-err/>
  </testsuite>
</testsuites>